{"/home/user/projects/MyProject/RepoMicro/myapp/src/app.js": {"path":"/home/user/projects/MyProject/RepoMicro/myapp/src/app.js","statementMap":{"0":{"start":{"line":1,"column":16},"end":{"line":1,"column":34}},"1":{"start":{"line":3,"column":17},"end":{"line":3,"column":50}},"2":{"start":{"line":4,"column":12},"end":{"line":4,"column":21}},"3":{"start":{"line":6,"column":0},"end":{"line":6,"column":24}},"4":{"start":{"line":9,"column":14},"end":{"line":9,"column":35}},"5":{"start":{"line":10,"column":14},"end":{"line":10,"column":35}},"6":{"start":{"line":11,"column":17},"end":{"line":11,"column":36}},"7":{"start":{"line":12,"column":14},"end":{"line":12,"column":30}},"8":{"start":{"line":15,"column":0},"end":{"line":25,"column":1}},"9":{"start":{"line":17,"column":14},"end":{"line":17,"column":31}},"10":{"start":{"line":18,"column":20},"end":{"line":18,"column":36}},"11":{"start":{"line":19,"column":21},"end":{"line":19,"column":51}},"12":{"start":{"line":20,"column":0},"end":{"line":20,"column":16}},"13":{"start":{"line":21,"column":19},"end":{"line":21,"column":60}},"14":{"start":{"line":22,"column":0},"end":{"line":22,"column":59}},"15":{"start":{"line":23,"column":0},"end":{"line":23,"column":31}},"16":{"start":{"line":24,"column":0},"end":{"line":24,"column":58}},"17":{"start":{"line":27,"column":0},"end":{"line":27,"column":23}},"18":{"start":{"line":29,"column":0},"end":{"line":29,"column":21}}},"fnMap":{},"branchMap":{"0":{"loc":{"start":{"line":15,"column":0},"end":{"line":25,"column":1}},"type":"if","locations":[{"start":{"line":15,"column":0},"end":{"line":25,"column":1}},{"start":{},"end":{}}],"line":15}},"s":{"0":2,"1":2,"2":2,"3":2,"4":2,"5":2,"6":2,"7":2,"8":2,"9":0,"10":0,"11":0,"12":0,"13":0,"14":0,"15":0,"16":0,"17":2,"18":2},"f":{},"b":{"0":[0,2]},"_coverageSchema":"1a1c01bbd47fc00a2c39e90264f33305004495a9","hash":"f6fe8558ab29484fd16fe10846ecbeefbbc96298"}
,"/home/user/projects/MyProject/RepoMicro/myapp/src/index.js": {"path":"/home/user/projects/MyProject/RepoMicro/myapp/src/index.js","statementMap":{"0":{"start":{"line":2,"column":12},"end":{"line":2,"column":28}},"1":{"start":{"line":4,"column":13},"end":{"line":4,"column":37}},"2":{"start":{"line":5,"column":0},"end":{"line":7,"column":3}},"3":{"start":{"line":6,"column":4},"end":{"line":6,"column":42}}},"fnMap":{"0":{"name":"(anonymous_0)","decl":{"start":{"line":5,"column":17},"end":{"line":5,"column":18}},"loc":{"start":{"line":5,"column":23},"end":{"line":7,"column":1}},"line":5}},"branchMap":{"0":{"loc":{"start":{"line":4,"column":13},"end":{"line":4,"column":37}},"type":"binary-expr","locations":[{"start":{"line":4,"column":13},"end":{"line":4,"column":29}},{"start":{"line":4,"column":33},"end":{"line":4,"column":37}}],"line":4}},"s":{"0":0,"1":0,"2":0,"3":0},"f":{"0":0},"b":{"0":[0,0]}}
,"/home/user/projects/MyProject/RepoMicro/myapp/src/apps/cmss/controller.js": {"path":"/home/user/projects/MyProject/RepoMicro/myapp/src/apps/cmss/controller.js","statementMap":{"0":{"start":{"line":1,"column":16},"end":{"line":1,"column":34}},"1":{"start":{"line":2,"column":12},"end":{"line":2,"column":21}},"2":{"start":{"line":3,"column":24},"end":{"line":3,"column":44}},"3":{"start":{"line":4,"column":28},"end":{"line":4,"column":93}},"4":{"start":{"line":6,"column":0},"end":{"line":15,"column":3}},"5":{"start":{"line":7,"column":4},"end":{"line":14,"column":5}},"6":{"start":{"line":8,"column":21},"end":{"line":8,"column":57}},"7":{"start":{"line":9,"column":9},"end":{"line":9,"column":38}},"8":{"start":{"line":12,"column":8},"end":{"line":12,"column":28}},"9":{"start":{"line":13,"column":8},"end":{"line":13,"column":54}},"10":{"start":{"line":17,"column":0},"end":{"line":25,"column":3}},"11":{"start":{"line":18,"column":4},"end":{"line":24,"column":5}},"12":{"start":{"line":19,"column":21},"end":{"line":19,"column":57}},"13":{"start":{"line":20,"column":8},"end":{"line":20,"column":37}},"14":{"start":{"line":22,"column":8},"end":{"line":22,"column":28}},"15":{"start":{"line":23,"column":8},"end":{"line":23,"column":54}},"16":{"start":{"line":27,"column":0},"end":{"line":27,"column":21}}},"fnMap":{"0":{"name":"(anonymous_0)","decl":{"start":{"line":6,"column":26},"end":{"line":6,"column":27}},"loc":{"start":{"line":6,"column":46},"end":{"line":15,"column":1}},"line":6},"1":{"name":"(anonymous_1)","decl":{"start":{"line":17,"column":26},"end":{"line":17,"column":27}},"loc":{"start":{"line":17,"column":46},"end":{"line":25,"column":1}},"line":17}},"branchMap":{},"s":{"0":2,"1":2,"2":2,"3":2,"4":2,"5":2,"6":2,"7":2,"8":0,"9":0,"10":2,"11":2,"12":2,"13":2,"14":0,"15":0,"16":2},"f":{"0":2,"1":2},"b":{},"_coverageSchema":"1a1c01bbd47fc00a2c39e90264f33305004495a9","hash":"8cae35e05fc753432858b05ec95c22257219e1fb"}
,"/home/user/projects/MyProject/RepoMicro/myapp/src/apps/cmss/service.js": {"path":"/home/user/projects/MyProject/RepoMicro/myapp/src/apps/cmss/service.js","statementMap":{"0":{"start":{"line":3,"column":28},"end":{"line":3,"column":93}},"1":{"start":{"line":5,"column":19},"end":{"line":5,"column":50}},"2":{"start":{"line":7,"column":14},"end":{"line":7,"column":102}},"3":{"start":{"line":9,"column":20},"end":{"line":22,"column":5}},"4":{"start":{"line":10,"column":1},"end":{"line":10,"column":59}},"5":{"start":{"line":11,"column":8},"end":{"line":21,"column":9}},"6":{"start":{"line":12,"column":29},"end":{"line":17,"column":14}},"7":{"start":{"line":18,"column":12},"end":{"line":18,"column":33}},"8":{"start":{"line":20,"column":12},"end":{"line":20,"column":34}},"9":{"start":{"line":25,"column":0},"end":{"line":27,"column":1}}},"fnMap":{"0":{"name":"(anonymous_0)","decl":{"start":{"line":9,"column":20},"end":{"line":9,"column":21}},"loc":{"start":{"line":9,"column":44},"end":{"line":22,"column":5}},"line":9}},"branchMap":{"0":{"loc":{"start":{"line":7,"column":14},"end":{"line":7,"column":102}},"type":"cond-expr","locations":[{"start":{"line":7,"column":48},"end":{"line":7,"column":64}},{"start":{"line":7,"column":67},"end":{"line":7,"column":102}}],"line":7}},"s":{"0":2,"1":2,"2":2,"3":2,"4":4,"5":4,"6":4,"7":2,"8":2,"9":2},"f":{"0":4},"b":{"0":[2,0]},"_coverageSchema":"1a1c01bbd47fc00a2c39e90264f33305004495a9","hash":"4ce9b272a14c9a50c6bc5daa270e67f645e8a472"}
,"/home/user/projects/MyProject/RepoMicro/myapp/src/logger/index.js": {"path":"/home/user/projects/MyProject/RepoMicro/myapp/src/logger/index.js","statementMap":{},"fnMap":{},"branchMap":{},"s":{},"f":{},"b":{}}
}
