{"/home/user/projects/ZMICROSERVICE/zmicroservice_mock/myapp/src/app.js": {"path":"/home/user/projects/ZMICROSERVICE/zmicroservice_mock/myapp/src/app.js","statementMap":{"0":{"start":{"line":1,"column":16},"end":{"line":1,"column":34}},"1":{"start":{"line":3,"column":17},"end":{"line":3,"column":50}},"2":{"start":{"line":4,"column":12},"end":{"line":4,"column":21}},"3":{"start":{"line":5,"column":0},"end":{"line":5,"column":24}},"4":{"start":{"line":8,"column":14},"end":{"line":8,"column":35}},"5":{"start":{"line":9,"column":14},"end":{"line":9,"column":35}},"6":{"start":{"line":10,"column":17},"end":{"line":10,"column":36}},"7":{"start":{"line":11,"column":14},"end":{"line":11,"column":30}},"8":{"start":{"line":14,"column":0},"end":{"line":24,"column":1}},"9":{"start":{"line":16,"column":14},"end":{"line":16,"column":31}},"10":{"start":{"line":17,"column":20},"end":{"line":17,"column":36}},"11":{"start":{"line":18,"column":21},"end":{"line":18,"column":51}},"12":{"start":{"line":19,"column":0},"end":{"line":19,"column":16}},"13":{"start":{"line":20,"column":19},"end":{"line":20,"column":60}},"14":{"start":{"line":21,"column":0},"end":{"line":21,"column":59}},"15":{"start":{"line":22,"column":0},"end":{"line":22,"column":31}},"16":{"start":{"line":23,"column":0},"end":{"line":23,"column":58}},"17":{"start":{"line":26,"column":0},"end":{"line":26,"column":23}},"18":{"start":{"line":28,"column":0},"end":{"line":28,"column":21}}},"fnMap":{},"branchMap":{"0":{"loc":{"start":{"line":14,"column":0},"end":{"line":24,"column":1}},"type":"if","locations":[{"start":{"line":14,"column":0},"end":{"line":24,"column":1}},{"start":{},"end":{}}],"line":14}},"s":{"0":2,"1":2,"2":2,"3":2,"4":2,"5":2,"6":2,"7":2,"8":2,"9":0,"10":0,"11":0,"12":0,"13":0,"14":0,"15":0,"16":0,"17":2,"18":2},"f":{},"b":{"0":[0,2]},"_coverageSchema":"1a1c01bbd47fc00a2c39e90264f33305004495a9","hash":"0c9cbf12b2cb921b293e5fc5ff9073cfa3e7d6c0"}
,"/home/user/projects/ZMICROSERVICE/zmicroservice_mock/myapp/src/index.js": {"path":"/home/user/projects/ZMICROSERVICE/zmicroservice_mock/myapp/src/index.js","statementMap":{"0":{"start":{"line":2,"column":12},"end":{"line":2,"column":28}},"1":{"start":{"line":4,"column":13},"end":{"line":4,"column":37}},"2":{"start":{"line":5,"column":0},"end":{"line":7,"column":3}},"3":{"start":{"line":6,"column":4},"end":{"line":6,"column":42}}},"fnMap":{"0":{"name":"(anonymous_0)","decl":{"start":{"line":5,"column":17},"end":{"line":5,"column":18}},"loc":{"start":{"line":5,"column":23},"end":{"line":7,"column":1}},"line":5}},"branchMap":{"0":{"loc":{"start":{"line":4,"column":13},"end":{"line":4,"column":37}},"type":"binary-expr","locations":[{"start":{"line":4,"column":13},"end":{"line":4,"column":29}},{"start":{"line":4,"column":33},"end":{"line":4,"column":37}}],"line":4}},"s":{"0":0,"1":0,"2":0,"3":0},"f":{"0":0},"b":{"0":[0,0]}}
,"/home/user/projects/ZMICROSERVICE/zmicroservice_mock/myapp/src/apps/cmss/controller.js": {"path":"/home/user/projects/ZMICROSERVICE/zmicroservice_mock/myapp/src/apps/cmss/controller.js","statementMap":{"0":{"start":{"line":1,"column":16},"end":{"line":1,"column":34}},"1":{"start":{"line":2,"column":12},"end":{"line":2,"column":21}},"2":{"start":{"line":3,"column":24},"end":{"line":3,"column":44}},"3":{"start":{"line":4,"column":15},"end":{"line":4,"column":51}},"4":{"start":{"line":7,"column":0},"end":{"line":17,"column":3}},"5":{"start":{"line":8,"column":4},"end":{"line":16,"column":5}},"6":{"start":{"line":10,"column":21},"end":{"line":10,"column":57}},"7":{"start":{"line":12,"column":8},"end":{"line":12,"column":37}},"8":{"start":{"line":14,"column":8},"end":{"line":14,"column":28}},"9":{"start":{"line":15,"column":8},"end":{"line":15,"column":67}},"10":{"start":{"line":19,"column":0},"end":{"line":27,"column":3}},"11":{"start":{"line":20,"column":4},"end":{"line":26,"column":5}},"12":{"start":{"line":21,"column":21},"end":{"line":21,"column":57}},"13":{"start":{"line":22,"column":8},"end":{"line":22,"column":37}},"14":{"start":{"line":24,"column":8},"end":{"line":24,"column":28}},"15":{"start":{"line":25,"column":8},"end":{"line":25,"column":67}},"16":{"start":{"line":29,"column":0},"end":{"line":29,"column":21}}},"fnMap":{"0":{"name":"(anonymous_0)","decl":{"start":{"line":7,"column":26},"end":{"line":7,"column":27}},"loc":{"start":{"line":7,"column":52},"end":{"line":17,"column":1}},"line":7},"1":{"name":"(anonymous_1)","decl":{"start":{"line":19,"column":26},"end":{"line":19,"column":27}},"loc":{"start":{"line":19,"column":52},"end":{"line":27,"column":1}},"line":19}},"branchMap":{},"s":{"0":2,"1":2,"2":2,"3":2,"4":2,"5":2,"6":2,"7":2,"8":0,"9":0,"10":2,"11":3,"12":3,"13":3,"14":0,"15":0,"16":2},"f":{"0":2,"1":3},"b":{},"_coverageSchema":"1a1c01bbd47fc00a2c39e90264f33305004495a9","hash":"298f2a40f74a3444e522939f25b8c6d2f7585cdc"}
,"/home/user/projects/ZMICROSERVICE/zmicroservice_mock/myapp/src/apps/cmss/service.js": {"path":"/home/user/projects/ZMICROSERVICE/zmicroservice_mock/myapp/src/apps/cmss/service.js","statementMap":{"0":{"start":{"line":3,"column":19},"end":{"line":3,"column":50}},"1":{"start":{"line":5,"column":14},"end":{"line":5,"column":84}},"2":{"start":{"line":7,"column":20},"end":{"line":20,"column":1}},"3":{"start":{"line":8,"column":4},"end":{"line":8,"column":62}},"4":{"start":{"line":9,"column":4},"end":{"line":19,"column":5}},"5":{"start":{"line":10,"column":25},"end":{"line":15,"column":10}},"6":{"start":{"line":16,"column":8},"end":{"line":16,"column":29}},"7":{"start":{"line":18,"column":8},"end":{"line":18,"column":30}},"8":{"start":{"line":22,"column":0},"end":{"line":24,"column":1}}},"fnMap":{"0":{"name":"(anonymous_0)","decl":{"start":{"line":7,"column":20},"end":{"line":7,"column":21}},"loc":{"start":{"line":7,"column":44},"end":{"line":20,"column":1}},"line":7}},"branchMap":{"0":{"loc":{"start":{"line":5,"column":14},"end":{"line":5,"column":84}},"type":"cond-expr","locations":[{"start":{"line":5,"column":48},"end":{"line":5,"column":64}},{"start":{"line":5,"column":67},"end":{"line":5,"column":84}}],"line":5}},"s":{"0":2,"1":2,"2":2,"3":5,"4":5,"5":5,"6":2,"7":3,"8":2},"f":{"0":5},"b":{"0":[2,0]},"_coverageSchema":"1a1c01bbd47fc00a2c39e90264f33305004495a9","hash":"44a6d3635004609f9feccb93bfae2c5e4c34a217"}
,"/home/user/projects/ZMICROSERVICE/zmicroservice_mock/myapp/src/logger/index.js": {"path":"/home/user/projects/ZMICROSERVICE/zmicroservice_mock/myapp/src/logger/index.js","statementMap":{},"fnMap":{},"branchMap":{},"s":{},"f":{},"b":{}}
}
